[
  {
    "level": "INFO",
    "message": "android.ndkVersion from module build.gradle is 21.3.6528147"
  },
  {
    "level": "INFO",
    "message": "ndk.dir in local.properties is not set"
  },
  {
    "level": "INFO",
    "message": "ANDROID_NDK_HOME environment variable is not set"
  },
  {
    "level": "INFO",
    "message": "sdkFolder is C:\\Users\\home\\AppData\\Local\\Android\\Sdk"
  },
  {
    "level": "INFO",
    "message": "Considering C:\\Users\\home\\AppData\\Local\\Android\\Sdk\\ndk-bundle in SDK ndk-bundle folder"
  },
  {
    "level": "INFO",
    "message": "Considering C:\\Users\\home\\AppData\\Local\\Android\\Sdk\\ndk\\22.1.7171670 in SDK ndk folder"
  },
  {
    "level": "INFO",
    "message": "Rejected C:\\Users\\home\\AppData\\Local\\Android\\Sdk\\ndk-bundle in SDK ndk-bundle folder because that location has no source.properties"
  },
  {
    "level": "INFO",
    "message": "Rejected C:\\Users\\home\\AppData\\Local\\Android\\Sdk\\ndk\\22.1.7171670 in SDK ndk folder because that NDK had version 22.1.7171670 which didn\u0027t match the requested version 21.3.6528147"
  },
  {
    "level": "ERROR",
    "message": "No version of NDK matched the requested version 21.3.6528147. Versions available locally: 22.1.7171670"
  }
]